<?xml version="1.0" encoding="UTF-8"?>
<!-- Generated by org.testng.reporters.JUnitReportReporter -->
<testsuite hostname="DESKTOP-L4J545I" failures="0" tests="1" name="Dummy.amazonTest" time="3.815" errors="0" timestamp="2023-05-07T12:41:11 IST" skipped="0">
  <testcase classname="Dummy.amazonTest" name="hkl" time="3.815"/>
  <system-out/>
</testsuite> <!-- Dummy.amazonTest -->
